<?xml version="1.0" encoding="UTF-8" ?>
<testsuite errors="0" failures="0" hostname="Daniel-HP" name="model.test.UserTest" skipped="0" tests="8" time="0.011" timestamp="2014-01-14T16:00:08">
  <properties>
    <property name="java.vendor" value="Oracle Corporation" />
    <property name="client.name" value="Client.MainClient" />
    <property name="sun.java.launcher" value="SUN_STANDARD" />
    <property name="sun.management.compiler" value="HotSpot 64-Bit Tiered Compilers" />
    <property name="server.name" value="server.ServerStart" />
    <property name="os.name" value="Windows 7" />
    <property name="sun.boot.class.path" value="C:\Program Files\Java\jdk1.7.0_45\jre\lib\resources.jar;C:\Program Files\Java\jdk1.7.0_45\jre\lib\rt.jar;C:\Program Files\Java\jdk1.7.0_45\jre\lib\sunrsasign.jar;C:\Program Files\Java\jdk1.7.0_45\jre\lib\jsse.jar;C:\Program Files\Java\jdk1.7.0_45\jre\lib\jce.jar;C:\Program Files\Java\jdk1.7.0_45\jre\lib\charsets.jar;C:\Program Files\Java\jdk1.7.0_45\jre\lib\jfr.jar;C:\Program Files\Java\jdk1.7.0_45\jre\classes" />
    <property name="sun.desktop" value="windows" />
    <property name="java.vm.specification.vendor" value="Oracle Corporation" />
    <property name="ant.home" value="C:\Program Files\ant" />
    <property name="java.runtime.version" value="1.7.0_45-b18" />
    <property name="user.name" value="Daniel" />
    <property name="client1.port" value="20001" />
    <property name="build.dir" value="build" />
    <property name="user.language" value="de" />
    <property name="sun.boot.library.path" value="C:\Program Files\Java\jdk1.7.0_45\jre\bin" />
    <property name="reports.dir" value="reports" />
    <property name="ant.project.default-target" value="compile" />
    <property name="ant.project.name" value="auction" />
    <property name="java.version" value="1.7.0_45" />
    <property name="user.timezone" value="" />
    <property name="sun.arch.data.model" value="64" />
    <property name="java.endorsed.dirs" value="C:\Program Files\Java\jdk1.7.0_45\jre\lib\endorsed" />
    <property name="ant.file.type.auction" value="file" />
    <property name="sun.cpu.isalist" value="amd64" />
    <property name="sun.jnu.encoding" value="Cp1252" />
    <property name="file.encoding.pkg" value="sun.io" />
    <property name="file.separator" value="\" />
    <property name="java.specification.name" value="Java Platform API Specification" />
    <property name="client2.port" value="20002" />
    <property name="java.class.version" value="51.0" />
    <property name="user.country" value="DE" />
    <property name="java.home" value="C:\Program Files\Java\jdk1.7.0_45\jre" />
    <property name="server.host" value="127.0.0.1" />
    <property name="java.vm.info" value="mixed mode" />
    <property name="ant.file" value="C:\Users\Daniel\Documents\Schule\APR\Git_Repos\Auction\AuctionSystem\build.xml" />
    <property name="os.version" value="6.1" />
    <property name="path.separator" value=";" />
    <property name="java.vm.version" value="24.45-b08" />
    <property name="user.variant" value="" />
    <property name="ant.library.dir" value="C:\Program Files\ant\lib" />
    <property name="java.awt.printerjob" value="sun.awt.windows.WPrinterJob" />
    <property name="client3.port" value="20003" />
    <property name="sun.io.unicode.encoding" value="UnicodeLittle" />
    <property name="awt.toolkit" value="sun.awt.windows.WToolkit" />
    <property name="user.script" value="" />
    <property name="user.home" value="C:\Users\Daniel" />
    <property name="java.specification.vendor" value="Oracle Corporation" />
    <property name="java.library.path" value="C:\Program Files\Java\jdk1.7.0_45\bin;C:\Windows\Sun\Java\bin;C:\Windows\system32;C:\Windows;C:\Program Files\Common Files\Microsoft Shared\Windows Live;C:\Program Files (x86)\Common Files\Microsoft Shared\Windows Live;C:\Windows\system32;C:\Windows;C:\Windows\System32\Wbem;C:\Windows\System32\WindowsPowerShell\v1.0\;C:\Program Files (x86)\Windows Live\Shared;C:\Program Files (x86)\ATI Technologies\ATI.ACE\Core-Static;C:\Program Files\Broadcom\Broadcom 802.11\Driver;C:\Program Files (x86)\GNU\GnuPG\pub;C:\Program Files\ant\bin;." />
    <property name="java.vendor.url" value="http://java.oracle.com/" />
    <property name="java.vm.vendor" value="Oracle Corporation" />
    <property name="java.runtime.name" value="Java(TM) SE Runtime Environment" />
    <property name="sun.java.command" value="org.apache.tools.ant.launch.Launcher test" />
    <property name="java.class.path" value="C:\Program Files\ant\lib\ant-launcher.jar;C:\Program Files\ant\lib\ant-antlr.jar;C:\Program Files\ant\lib\ant-apache-bcel.jar;C:\Program Files\ant\lib\ant-apache-bsf.jar;C:\Program Files\ant\lib\ant-apache-log4j.jar;C:\Program Files\ant\lib\ant-apache-oro.jar;C:\Program Files\ant\lib\ant-apache-regexp.jar;C:\Program Files\ant\lib\ant-apache-resolver.jar;C:\Program Files\ant\lib\ant-apache-xalan2.jar;C:\Program Files\ant\lib\ant-commons-logging.jar;C:\Program Files\ant\lib\ant-commons-net.jar;C:\Program Files\ant\lib\ant-jai.jar;C:\Program Files\ant\lib\ant-javamail.jar;C:\Program Files\ant\lib\ant-jdepend.jar;C:\Program Files\ant\lib\ant-jmf.jar;C:\Program Files\ant\lib\ant-jsch.jar;C:\Program Files\ant\lib\ant-junit.jar;C:\Program Files\ant\lib\ant-junit4.jar;C:\Program Files\ant\lib\ant-launcher.jar;C:\Program Files\ant\lib\ant-netrexx.jar;C:\Program Files\ant\lib\ant-swing.jar;C:\Program Files\ant\lib\ant-testutil.jar;C:\Program Files\ant\lib\ant.jar;C:\Program Files\Java\jdk1.7.0_45\lib\tools.jar" />
    <property name="ant.version" value="Apache Ant(TM) version 1.9.3 compiled on December 23 2013" />
    <property name="client4.port" value="20004" />
    <property name="java.vm.specification.name" value="Java Virtual Machine Specification" />
    <property name="ant.file.type" value="file" />
    <property name="java.vm.specification.version" value="1.7" />
    <property name="sun.cpu.endian" value="little" />
    <property name="sun.os.patch.level" value="Service Pack 1" />
    <property name="src.test" value="src" />
    <property name="java.io.tmpdir" value="C:\Users\Daniel\AppData\Local\Temp\" />
    <property name="java.vendor.url.bug" value="http://bugreport.sun.com/bugreport/" />
    <property name="server.port" value="12345" />
    <property name="ant.file.auction" value="C:\Users\Daniel\Documents\Schule\APR\Git_Repos\Auction\AuctionSystem\build.xml" />
    <property name="os.arch" value="amd64" />
    <property name="java.awt.graphicsenv" value="sun.awt.Win32GraphicsEnvironment" />
    <property name="java.ext.dirs" value="C:\Program Files\Java\jdk1.7.0_45\jre\lib\ext;C:\Windows\Sun\Java\lib\ext" />
    <property name="user.dir" value="C:\Users\Daniel\Documents\Schule\APR\Git_Repos\Auction\AuctionSystem" />
    <property name="client5.port" value="20005" />
    <property name="line.separator" value="&#xd;&#xa;" />
    <property name="java.vm.name" value="Java HotSpot(TM) 64-Bit Server VM" />
    <property name="basedir" value="C:\Users\Daniel\Documents\Schule\APR\Git_Repos\Auction\AuctionSystem" />
    <property name="ant.java.version" value="1.7" />
    <property name="ant.core.lib" value="C:\Program Files\ant\lib\ant.jar" />
    <property name="file.encoding" value="Cp1252" />
    <property name="java.specification.version" value="1.7" />
    <property name="src.dir" value="src" />
    <property name="ant.project.invoked-targets" value="test" />
    <property name="client6.port" value="20006" />
  </properties>
  <testcase classname="model.test.UserTest" name="testGetTcpPort" time="0.0" />
  <testcase classname="model.test.UserTest" name="testGetAdresse" time="0.0" />
  <testcase classname="model.test.UserTest" name="testGetName" time="0.001" />
  <testcase classname="model.test.UserTest" name="testGetUdpPort" time="0.0" />
  <testcase classname="model.test.UserTest" name="testEqualsObject" time="0.0" />
  <testcase classname="model.test.UserTest" name="testIsActive" time="0.0" />
  <testcase classname="model.test.UserTest" name="testSetActive" time="0.001" />
  <testcase classname="model.test.UserTest" name="testGetMessages" time="0.0" />
  <system-out><![CDATA[]]></system-out>
  <system-err><![CDATA[]]></system-err>
</testsuite>
